Info: Starting: Create block symbol file (.bsf)
Info: ip-generate --project-directory=C:/Sesnum2/ --output-directory=C:/Sesnum2/sys_montre/ --report-file=bsf:C:/Sesnum2/sys_montre.bsf --system-info=DEVICE_FAMILY="Cyclone II" --system-info=DEVICE=EP2C20F484C7 --system-info=DEVICE_SPEEDGRADE=7 --component-file=C:/Sesnum2/sys_montre.qsys
Progress: Loading Sesnum2/sys_montre.qsys
Progress: Reading input file
Progress: Adding clk_50 [clock_source 13.0]
Progress: Parameterizing module clk_50
Progress: Adding PLL [altera_up_clocks 13.0]
Progress: Parameterizing module PLL
Progress: Adding SDRAM [altera_avalon_new_sdram_controller 13.0.1.99.2]
Progress: Parameterizing module SDRAM
Progress: Adding timer [altera_avalon_timer 13.0.1.99.2]
Progress: Parameterizing module timer
Progress: Adding jtag_uart_0 [altera_avalon_jtag_uart 13.0.1.99.2]
Progress: Parameterizing module jtag_uart_0
Progress: Adding system_id [altera_avalon_sysid_qsys 13.0]
Progress: Parameterizing module system_id
Progress: Adding LEDG [altera_up_avalon_parallel_port 13.0]
Progress: Parameterizing module LEDG
Progress: Adding CPU [altera_nios2_qsys 13.0]
Progress: Parameterizing module CPU
Progress: Adding LEDR [altera_up_avalon_parallel_port 13.0]
Progress: Parameterizing module LEDR
Progress: Adding KEY [altera_up_avalon_parallel_port 13.0]
Progress: Parameterizing module KEY
Progress: Adding SW [altera_up_avalon_parallel_port 13.0]
Progress: Parameterizing module SW
Progress: Adding HEX [altera_up_avalon_parallel_port 13.0]
Progress: Parameterizing module HEX
Progress: Building connections
Progress: Parameterizing connections
Progress: Validating
Progress: Done reading input file
Info: sys_montre.system_id: System ID is not assigned automatically. Edit the System ID parameter to provide a unique ID
Info: sys_montre.system_id: Time stamp will be automatically updated when this component is generated.
Info: ip-generate succeeded.
Info: Finished: Create block symbol file (.bsf)
Info: 
Info: Starting: Create HDL design files for synthesis
Info: ip-generate --project-directory=C:/Sesnum2/ --output-directory=C:/Sesnum2/sys_montre/synthesis/ --file-set=QUARTUS_SYNTH --report-file=sopcinfo:C:/Sesnum2/sys_montre.sopcinfo --report-file=html:C:/Sesnum2/sys_montre.html --report-file=qip:C:/Sesnum2/sys_montre/synthesis/sys_montre.qip --report-file=cmp:C:/Sesnum2/sys_montre.cmp --report-file=svd --system-info=DEVICE_FAMILY="Cyclone II" --system-info=DEVICE=EP2C20F484C7 --system-info=DEVICE_SPEEDGRADE=7 --component-file=C:/Sesnum2/sys_montre.qsys --language=VHDL
Progress: Loading Sesnum2/sys_montre.qsys
Progress: Reading input file
Progress: Adding clk_50 [clock_source 13.0]
Progress: Parameterizing module clk_50
Progress: Adding PLL [altera_up_clocks 13.0]
Progress: Parameterizing module PLL
Progress: Adding SDRAM [altera_avalon_new_sdram_controller 13.0.1.99.2]
Progress: Parameterizing module SDRAM
Progress: Adding timer [altera_avalon_timer 13.0.1.99.2]
Progress: Parameterizing module timer
Progress: Adding jtag_uart_0 [altera_avalon_jtag_uart 13.0.1.99.2]
Progress: Parameterizing module jtag_uart_0
Progress: Adding system_id [altera_avalon_sysid_qsys 13.0]
Progress: Parameterizing module system_id
Progress: Adding LEDG [altera_up_avalon_parallel_port 13.0]
Progress: Parameterizing module LEDG
Progress: Adding CPU [altera_nios2_qsys 13.0]
Progress: Parameterizing module CPU
Progress: Adding LEDR [altera_up_avalon_parallel_port 13.0]
Progress: Parameterizing module LEDR
Progress: Adding KEY [altera_up_avalon_parallel_port 13.0]
Progress: Parameterizing module KEY
Progress: Adding SW [altera_up_avalon_parallel_port 13.0]
Progress: Parameterizing module SW
Progress: Adding HEX [altera_up_avalon_parallel_port 13.0]
Progress: Parameterizing module HEX
Progress: Building connections
Progress: Parameterizing connections
Progress: Validating
Progress: Done reading input file
Info: sys_montre.system_id: System ID is not assigned automatically. Edit the System ID parameter to provide a unique ID
Info: sys_montre.system_id: Time stamp will be automatically updated when this component is generated.
Info: sys_montre: Generating sys_montre "sys_montre" for QUARTUS_SYNTH
Info: pipeline_bridge_swap_transform: After transform: 12 modules, 38 connections
Info: No custom instruction connections, skipping transform 
Info: merlin_translator_transform: After transform: 24 modules, 74 connections
Info: merlin_domain_transform: After transform: 48 modules, 199 connections
Info: merlin_router_transform: After transform: 60 modules, 235 connections
Info: merlin_burst_transform: After transform: 61 modules, 238 connections
Info: reset_adaptation_transform: After transform: 62 modules, 240 connections
Info: merlin_network_to_switch_transform: After transform: 85 modules, 288 connections
Info: merlin_width_transform: After transform: 87 modules, 294 connections
Info: merlin_mm_transform: After transform: 87 modules, 294 connections
Info: merlin_interrupt_mapper_transform: After transform: 88 modules, 297 connections
Info: PLL: Starting Generation of Required Clocks for DE-Series Boards
Info: PLL: "sys_montre" instantiated altera_up_clocks "PLL"
Info: SDRAM: Starting RTL generation for module 'sys_montre_SDRAM'
Info: SDRAM:   Generation command is [exec C:/altera/13.0sp1/quartus/bin/perl/bin/perl.exe -I C:/altera/13.0sp1/quartus/common/ip/altera/common/perl/5.8.3 -I C:/altera/13.0sp1/quartus/sopc_builder/bin/europa -I C:/altera/13.0sp1/quartus/sopc_builder/bin/perl_lib -I C:/altera/13.0sp1/quartus/sopc_builder/bin -I C:/altera/13.0sp1/quartus/../ip/altera/sopc_builder_ip/common -I C:/altera/13.0sp1/quartus/../ip/altera/sopc_builder_ip/altera_avalon_new_sdram_controller -- C:/altera/13.0sp1/quartus/../ip/altera/sopc_builder_ip/altera_avalon_new_sdram_controller/generate_rtl.pl --name=sys_montre_SDRAM --dir=C:/Users/INPT/AppData/Local/Temp/alt0083_8441087123435776395.dir/0002_SDRAM_gen/ --quartus_dir=C:/altera/13.0sp1/quartus --verilog --config=C:/Users/INPT/AppData/Local/Temp/alt0083_8441087123435776395.dir/0002_SDRAM_gen//sys_montre_SDRAM_component_configuration.pl  --do_build_sim=0  ]
Info: SDRAM: Done RTL generation for module 'sys_montre_SDRAM'
Info: SDRAM: "sys_montre" instantiated altera_avalon_new_sdram_controller "SDRAM"
Info: timer: Starting RTL generation for module 'sys_montre_timer'
Info: timer:   Generation command is [exec C:/altera/13.0sp1/quartus/bin/perl/bin/perl.exe -I C:/altera/13.0sp1/quartus/common/ip/altera/common/perl/5.8.3 -I C:/altera/13.0sp1/quartus/sopc_builder/bin/europa -I C:/altera/13.0sp1/quartus/sopc_builder/bin/perl_lib -I C:/altera/13.0sp1/quartus/sopc_builder/bin -I C:/altera/13.0sp1/quartus/../ip/altera/sopc_builder_ip/common -I C:/altera/13.0sp1/quartus/../ip/altera/sopc_builder_ip/altera_avalon_timer -- C:/altera/13.0sp1/quartus/../ip/altera/sopc_builder_ip/altera_avalon_timer/generate_rtl.pl --name=sys_montre_timer --dir=C:/Users/INPT/AppData/Local/Temp/alt0083_8441087123435776395.dir/0003_timer_gen/ --quartus_dir=C:/altera/13.0sp1/quartus --verilog --config=C:/Users/INPT/AppData/Local/Temp/alt0083_8441087123435776395.dir/0003_timer_gen//sys_montre_timer_component_configuration.pl  --do_build_sim=0  ]
Info: timer: Done RTL generation for module 'sys_montre_timer'
Info: timer: "sys_montre" instantiated altera_avalon_timer "timer"
Info: jtag_uart_0: Starting RTL generation for module 'sys_montre_jtag_uart_0'
Info: jtag_uart_0:   Generation command is [exec C:/altera/13.0sp1/quartus/bin/perl/bin/perl.exe -I C:/altera/13.0sp1/quartus/common/ip/altera/common/perl/5.8.3 -I C:/altera/13.0sp1/quartus/sopc_builder/bin/europa -I C:/altera/13.0sp1/quartus/sopc_builder/bin/perl_lib -I C:/altera/13.0sp1/quartus/sopc_builder/bin -I C:/altera/13.0sp1/quartus/../ip/altera/sopc_builder_ip/common -I C:/altera/13.0sp1/quartus/../ip/altera/sopc_builder_ip/altera_avalon_jtag_uart -- C:/altera/13.0sp1/quartus/../ip/altera/sopc_builder_ip/altera_avalon_jtag_uart/generate_rtl.pl --name=sys_montre_jtag_uart_0 --dir=C:/Users/INPT/AppData/Local/Temp/alt0083_8441087123435776395.dir/0004_jtag_uart_0_gen/ --quartus_dir=C:/altera/13.0sp1/quartus --verilog --config=C:/Users/INPT/AppData/Local/Temp/alt0083_8441087123435776395.dir/0004_jtag_uart_0_gen//sys_montre_jtag_uart_0_component_configuration.pl  --do_build_sim=0  ]
Info: jtag_uart_0: Done RTL generation for module 'sys_montre_jtag_uart_0'
Info: jtag_uart_0: "sys_montre" instantiated altera_avalon_jtag_uart "jtag_uart_0"
Info: system_id: "sys_montre" instantiated altera_avalon_sysid_qsys "system_id"
Info: LEDG: Starting Generation of Parallel Port
Info: LEDG: "sys_montre" instantiated altera_up_avalon_parallel_port "LEDG"
Info: CPU: Starting RTL generation for module 'sys_montre_CPU'
Info: CPU:   Generation command is [exec C:/altera/13.0sp1/quartus/../ip/altera/nios2_ip/altera_nios2/eperl.exe -I C:/altera/13.0sp1/quartus/common/ip/altera/common/perl/5.8.3 -I C:/altera/13.0sp1/quartus/sopc_builder/bin/europa -I C:/altera/13.0sp1/quartus/sopc_builder/bin/perl_lib -I C:/altera/13.0sp1/quartus/sopc_builder/bin -I C:/altera/13.0sp1/quartus/../ip/altera/nios2_ip/altera_nios2/cpu_lib -I C:/altera/13.0sp1/quartus/../ip/altera/nios2_ip/altera_nios2/nios_lib -I C:/altera/13.0sp1/quartus/../ip/altera/nios2_ip/altera_nios2 -I C:/altera/13.0sp1/quartus/../ip/altera/nios2_ip/altera_nios2 -- C:/altera/13.0sp1/quartus/../ip/altera/nios2_ip/altera_nios2/generate_rtl.epl --name=sys_montre_CPU --dir=C:/Users/INPT/AppData/Local/Temp/alt0083_8441087123435776395.dir/0007_CPU_gen/ --quartus_dir=C:/altera/13.0sp1/quartus --verilog --config=C:/Users/INPT/AppData/Local/Temp/alt0083_8441087123435776395.dir/0007_CPU_gen//sys_montre_CPU_processor_configuration.pl  --do_build_sim=0    --bogus  ]
Info: CPU: # 2024.12.26 21:31:34 (*) Starting Nios II generation
Info: CPU: # 2024.12.26 21:31:34 (*)   Checking for plaintext license.
Info: CPU: # 2024.12.26 21:31:36 (*)   Couldn't query license setup in Quartus directory C:/altera/13.0sp1/quartus
Info: CPU: # 2024.12.26 21:31:36 (*)   Defaulting to contents of LM_LICENSE_FILE environment variable
Info: CPU: # 2024.12.26 21:31:36 (*)   LM_LICENSE_FILE environment variable is empty
Info: CPU: # 2024.12.26 21:31:36 (*)   Plaintext license not found.
Info: CPU: # 2024.12.26 21:31:36 (*)   No license required to generate encrypted Nios II/e.
Info: CPU: # 2024.12.26 21:31:36 (*)   Elaborating CPU configuration settings
Info: CPU: # 2024.12.26 21:31:36 (*)   Creating all objects for CPU
Info: CPU: # 2024.12.26 21:31:37 (*)   Generating RTL from CPU objects
Info: CPU: # 2024.12.26 21:31:37 (*)   Creating plain-text RTL
Info: CPU: # 2024.12.26 21:31:39 (*) Done Nios II generation
Info: CPU: Done RTL generation for module 'sys_montre_CPU'
Info: CPU: "sys_montre" instantiated altera_nios2_qsys "CPU"
Info: LEDR: Starting Generation of Parallel Port
Info: LEDR: "sys_montre" instantiated altera_up_avalon_parallel_port "LEDR"
Info: KEY: Starting Generation of Parallel Port
Info: KEY: "sys_montre" instantiated altera_up_avalon_parallel_port "KEY"
Info: SW: Starting Generation of Parallel Port
Info: SW: "sys_montre" instantiated altera_up_avalon_parallel_port "SW"
Info: HEX: Starting Generation of Parallel Port
Info: HEX: "sys_montre" instantiated altera_up_avalon_parallel_port "HEX"
Info: CPU_instruction_master_translator: "sys_montre" instantiated altera_merlin_master_translator "CPU_instruction_master_translator"
Info: CPU_jtag_debug_module_translator: "sys_montre" instantiated altera_merlin_slave_translator "CPU_jtag_debug_module_translator"
Info: CPU_instruction_master_translator_avalon_universal_master_0_agent: "sys_montre" instantiated altera_merlin_master_agent "CPU_instruction_master_translator_avalon_universal_master_0_agent"
Info: CPU_jtag_debug_module_translator_avalon_universal_slave_0_agent: "sys_montre" instantiated altera_merlin_slave_agent "CPU_jtag_debug_module_translator_avalon_universal_slave_0_agent"
Info: CPU_jtag_debug_module_translator_avalon_universal_slave_0_agent_rsp_fifo: "sys_montre" instantiated altera_avalon_sc_fifo "CPU_jtag_debug_module_translator_avalon_universal_slave_0_agent_rsp_fifo"
Info: addr_router: "sys_montre" instantiated altera_merlin_router "addr_router"
Info: addr_router_001: "sys_montre" instantiated altera_merlin_router "addr_router_001"
Info: id_router: "sys_montre" instantiated altera_merlin_router "id_router"
Info: id_router_001: "sys_montre" instantiated altera_merlin_router "id_router_001"
Info: id_router_002: "sys_montre" instantiated altera_merlin_router "id_router_002"
Info: burst_adapter: "sys_montre" instantiated altera_merlin_burst_adapter "burst_adapter"
Info: rst_controller: "sys_montre" instantiated altera_reset_controller "rst_controller"
Info: cmd_xbar_demux: "sys_montre" instantiated altera_merlin_demultiplexer "cmd_xbar_demux"
Info: cmd_xbar_demux_001: "sys_montre" instantiated altera_merlin_demultiplexer "cmd_xbar_demux_001"
Info: cmd_xbar_mux: "sys_montre" instantiated altera_merlin_multiplexer "cmd_xbar_mux"
Info: rsp_xbar_demux_002: "sys_montre" instantiated altera_merlin_demultiplexer "rsp_xbar_demux_002"
Info: rsp_xbar_mux: "sys_montre" instantiated altera_merlin_multiplexer "rsp_xbar_mux"
Info: Reusing file C:/Sesnum2/sys_montre/synthesis/submodules/altera_merlin_arbitrator.sv
Info: rsp_xbar_mux_001: "sys_montre" instantiated altera_merlin_multiplexer "rsp_xbar_mux_001"
Info: Reusing file C:/Sesnum2/sys_montre/synthesis/submodules/altera_merlin_arbitrator.sv
Info: width_adapter: "sys_montre" instantiated altera_merlin_width_adapter "width_adapter"
Info: Reusing file C:/Sesnum2/sys_montre/synthesis/submodules/altera_merlin_address_alignment.sv
Info: Reusing file C:/Sesnum2/sys_montre/synthesis/submodules/altera_merlin_burst_uncompressor.sv
Info: irq_mapper: "sys_montre" instantiated altera_irq_mapper "irq_mapper"
Info: sys_montre: Done sys_montre" with 32 modules, 142 files, 3062700 bytes
Info: ip-generate succeeded.
Info: Finished: Create HDL design files for synthesis
